<?xml version="1.0" encoding="UTF-8"?>
<!-- Generated by org.testng.reporters.JUnitReportReporter -->
<testsuite hostname="Brijesh" failures="0" tests="1" name="pages.Testclass" time="6.562" errors="0" timestamp="2022-04-18T11:36:28 EDT" skipped="0">
  <testcase classname="pages.Testclass" name="signup" time="6.562"/>
  <system-out/>
</testsuite> <!-- pages.Testclass -->
