<?xml version="1.0" encoding="UTF-8"?>
<!-- Generated by org.testng.reporters.JUnitReportReporter -->
<testsuite hostname="Brijesh" failures="0" tests="2" name="parallel.ParallelBrowser.Facebook" time="17.710" errors="0" timestamp="2022-06-06T19:11:01 EDT" skipped="0">
  <testcase classname="parallel.ParallelBrowser.Facebook" name="openFacebook" time="9.716"/>
  <system-out/>
  <testcase classname="parallel.ParallelBrowser.Facebook" name="openFacebook" time="7.994"/>
  <system-out/>
</testsuite> <!-- parallel.ParallelBrowser.Facebook -->
