<?xml version="1.0" encoding="UTF-8"?>
<!-- Generated by org.testng.reporters.JUnitReportReporter -->
<testsuite hostname="Brijesh" failures="0" tests="2" name="parallel.ParallelBrowser.Amazon" time="15.540" errors="0" timestamp="2022-06-06T19:11:01 EDT" skipped="0">
  <testcase classname="parallel.ParallelBrowser.Amazon" name="openAmazon" time="8.037"/>
  <system-out/>
  <testcase classname="parallel.ParallelBrowser.Amazon" name="openAmazon" time="7.503"/>
  <system-out/>
</testsuite> <!-- parallel.ParallelBrowser.Amazon -->
