<?xml version="1.0" encoding="UTF-8"?>
<!-- Generated by org.testng.reporters.JUnitReportReporter -->
<testsuite hostname="Brijesh" failures="0" tests="2" name="parallel.ParallelBrowser.google" time="10.857" errors="0" timestamp="2022-06-06T19:11:01 EDT" skipped="0">
  <testcase classname="parallel.ParallelBrowser.google" name="openGoogle" time="6.986"/>
  <system-out/>
  <testcase classname="parallel.ParallelBrowser.google" name="openGoogle" time="3.871"/>
  <system-out/>
</testsuite> <!-- parallel.ParallelBrowser.google -->
