<?xml version="1.0" encoding="UTF-8"?>
<!-- Generated by org.testng.reporters.JUnitReportReporter -->
<testsuite hostname="Brijesh" failures="0" tests="1" name="Test_Patch" time="1.908" errors="0" timestamp="2021-12-11T20:40:24 EST" skipped="0">
  <testcase classname="Test_Patch" name="test_2_Patch" time="1.908"/>
  <system-out/>
</testsuite> <!-- Test_Patch -->
