<?xml version="1.0" encoding="UTF-8"?>
<!-- Generated by org.testng.reporters.JUnitReportReporter -->
<testsuite hostname="Brijesh" failures="0" tests="1" name="Test_Get" time="1.752" errors="0" timestamp="2022-04-07T21:58:40 EDT" skipped="0">
  <testcase classname="Test_Get" name="test_1" time="1.752"/>
  <system-out/>
</testsuite> <!-- Test_Get -->
