<?xml version="1.0" encoding="UTF-8"?>
<!-- Generated by org.testng.reporters.JUnitReportReporter -->
<testsuite hostname="Brijesh" failures="0" tests="2" name="DataDrivenExamples_v4" time="1.877" errors="0" timestamp="2021-12-12T14:45:15 EST" skipped="0">
  <testcase classname="DataDrivenExamples_v4" name="test_post" time="1.835"/>
  <system-out/>
  <testcase classname="DataDrivenExamples_v4" name="test_post" time="0.042"/>
  <system-out/>
</testsuite> <!-- DataDrivenExamples_v4 -->
