<?xml version="1.0" encoding="UTF-8"?>
<!-- Generated by org.testng.reporters.JUnitReportReporter -->
<testsuite hostname="Brijesh" failures="0" tests="1" name="Test_Delete" time="1.613" errors="0" timestamp="2022-04-06T21:33:19 EDT" skipped="0">
  <testcase classname="Test_Delete" name="test_1_delete" time="1.613"/>
  <system-out/>
</testsuite> <!-- Test_Delete -->
