<?xml version="1.0" encoding="UTF-8"?>
<!-- Generated by org.testng.reporters.JUnitReportReporter -->
<testsuite hostname="Brijesh" failures="0" tests="1" name="Example_Post" time="1.279" errors="0" timestamp="2022-04-19T12:45:45 EDT" skipped="0">
  <testcase classname="Example_Post" name="test_" time="1.279"/>
  <system-out/>
</testsuite> <!-- Example_Post -->
