<?xml version="1.0" encoding="UTF-8"?>
<!-- Generated by org.testng.reporters.JUnitReportReporter -->
<testsuite hostname="Brijesh" failures="0" tests="1" name="Example_Patch1" time="1.157" errors="0" timestamp="2022-04-06T22:10:26 EDT" skipped="0">
  <testcase classname="Example_Patch1" name="test_Put" time="1.157"/>
  <system-out/>
</testsuite> <!-- Example_Patch1 -->
