<?xml version="1.0" encoding="UTF-8"?>
<!-- Generated by org.testng.reporters.JUnitReportReporter -->
<testsuite hostname="Brijesh" failures="0" tests="1" name="test_put" time="1.803" errors="0" timestamp="2022-04-19T11:58:45 EDT" skipped="0">
  <testcase classname="test_put" name="test_1_Put" time="1.803"/>
  <system-out/>
</testsuite> <!-- test_put -->
