<?xml version="1.0" encoding="UTF-8"?>
<!-- Generated by org.testng.reporters.JUnitReportReporter -->
<testsuite hostname="Brijesh" failures="0" tests="4" name="demo.DataUsedForPoastDelete" time="1.395" errors="0" timestamp="2022-04-19T12:57:52 EDT" skipped="0">
  <testcase classname="demo.DataUsedForPoastDelete" name="test_post" time="1.245"/>
  <system-out/>
  <testcase classname="demo.DataUsedForPoastDelete" name="test_post" time="0.046"/>
  <system-out/>
  <testcase classname="demo.DataUsedForPoastDelete" name="test_Delete" time="0.048"/>
  <system-out/>
  <testcase classname="demo.DataUsedForPoastDelete" name="test_Delete" time="0.056"/>
  <system-out/>
</testsuite> <!-- demo.DataUsedForPoastDelete -->
