<?xml version="1.0" encoding="UTF-8"?>
<!-- Generated by org.testng.reporters.JUnitReportReporter -->
<testsuite hostname="Brijesh" failures="0" tests="1" name="Example_Put" time="1.244" errors="0" timestamp="2022-04-06T22:13:41 EDT" skipped="0">
  <testcase classname="Example_Put" name="test_Patch" time="1.244"/>
  <system-out/>
</testsuite> <!-- Example_Put -->
