<?xml version="1.0" encoding="UTF-8"?>
<!-- Generated by org.testng.reporters.JUnitReportReporter -->
<testsuite hostname="Brijesh" failures="0" tests="1" name="Test01_Get" time="2.613" errors="0" timestamp="2022-05-01T19:57:28 EDT" skipped="0">
  <testcase classname="Test01_Get" name="test_02" time="2.613"/>
  <system-out/>
</testsuite> <!-- Test01_Get -->
