<?xml version="1.0" encoding="UTF-8"?>
<!-- Generated by org.testng.reporters.JUnitReportReporter -->
<testsuite hostname="Brijesh" failures="0" tests="4" name="DataUsedForPoastDelete" time="1.360" errors="0" timestamp="2021-12-12T15:39:37 EST" skipped="0">
  <testcase classname="DataUsedForPoastDelete" name="test_post" time="0.030"/>
  <system-out/>
  <testcase classname="DataUsedForPoastDelete" name="test_post" time="1.258"/>
  <system-out/>
  <testcase classname="DataUsedForPoastDelete" name="test_Delete" time="0.041"/>
  <system-out/>
  <testcase classname="DataUsedForPoastDelete" name="test_Delete" time="0.031"/>
  <system-out/>
</testsuite> <!-- DataUsedForPoastDelete -->
