<?xml version="1.0" encoding="UTF-8"?>
<!-- Generated by org.testng.reporters.JUnitReportReporter -->
<testsuite hostname="Brijesh" failures="0" tests="1" name="Examples" time="1.130" errors="0" timestamp="2022-05-01T22:37:17 EDT" skipped="0">
  <testcase classname="Examples" name="test_Param" time="1.130"/>
  <system-out/>
</testsuite> <!-- Examples -->
