<?xml version="1.0" encoding="UTF-8"?>
<!-- Generated by org.testng.reporters.JUnitReportReporter -->
<testsuite hostname="Brijesh" failures="0" tests="1" name="Example_Patch" time="1.180" errors="0" timestamp="2021-12-12T00:43:44 EST" skipped="0">
  <testcase classname="Example_Patch" name="test_Patch" time="1.180"/>
  <system-out/>
</testsuite> <!-- Example_Patch -->
