<?xml version="1.0" encoding="UTF-8"?>
<!-- Generated by org.testng.reporters.JUnitReportReporter -->
<testsuite hostname="Brijesh" failures="0" tests="1" name="Example_Delete" time="1.223" errors="0" timestamp="2022-04-19T12:46:37 EDT" skipped="0">
  <testcase classname="Example_Delete" name="test_Delete" time="1.223"/>
  <system-out/>
</testsuite> <!-- Example_Delete -->
