<?xml version="1.0" encoding="UTF-8"?>
<!-- Generated by org.testng.reporters.JUnitReportReporter -->
<testsuite hostname="Brijesh" failures="0" tests="1" name="test_POST" time="0.007" errors="0" timestamp="2022-04-19T11:46:46 EDT" skipped="0">
  <testcase classname="test_POST" name="test_1_Post" time="0.007"/>
  <system-out/>
</testsuite> <!-- test_POST -->
