<?xml version="1.0" encoding="UTF-8"?>
<!-- Generated by org.testng.reporters.JUnitReportReporter -->
<testsuite hostname="Brijesh" failures="0" tests="2" name="DataDrivenExamples_v4_post" time="1.281" errors="0" timestamp="2022-04-19T12:51:11 EDT" skipped="0">
  <testcase classname="DataDrivenExamples_v4_post" name="test_post" time="0.045"/>
  <system-out/>
  <testcase classname="DataDrivenExamples_v4_post" name="test_post" time="1.236"/>
  <system-out/>
</testsuite> <!-- DataDrivenExamples_v4_post -->
