<?xml version="1.0" encoding="UTF-8"?>
<!-- Generated by org.testng.reporters.JUnitReportReporter -->
<testsuite hostname="Brijesh" failures="0" tests="5" name="tests.Testing1" time="0.001" errors="0" timestamp="2022-04-20T22:58:36 EDT" skipped="0">
  <testcase classname="tests.Testing1" name="Test1" time="0.000"/>
  <system-out/>
  <testcase classname="tests.Testing1" name="abc" time="0.001"/>
  <system-out/>
  <testcase classname="tests.Testing1" name="Test3" time="0.000"/>
  <system-out/>
  <testcase classname="tests.Testing1" name="abc" time="0.000"/>
  <system-out/>
  <testcase classname="tests.Testing1" name="Test2" time="0.000"/>
  <system-out/>
</testsuite> <!-- tests.Testing1 -->
