<?xml version="1.0" encoding="UTF-8"?>
<!-- Generated by org.testng.reporters.JUnitReportReporter -->
<testsuite hostname="Brijesh" failures="0" tests="2" name="selenium.Testing1" time="0.007" errors="0" timestamp="2022-04-28T22:50:19 EDT" skipped="0">
  <testcase classname="selenium.Testing1" name="f" time="0.006"/>
  <system-out/>
  <testcase classname="selenium.Testing1" name="f" time="0.001"/>
  <system-out/>
</testsuite> <!-- selenium.Testing1 -->
