<?xml version="1.0" encoding="UTF-8"?>
<!-- Generated by org.testng.reporters.JUnitReportReporter -->
<testsuite hostname="Brijesh" failures="0" tests="1" name="LoginTest" time="8.181" errors="0" timestamp="2022-05-02T23:41:50 EDT" skipped="0">
  <testcase classname="LoginTest" name="verifyLoginPageTitleTest" time="8.181"/>
  <system-out/>
</testsuite> <!-- LoginTest -->
