<?xml version="1.0" encoding="UTF-8"?>
<!-- Generated by org.testng.reporters.JUnitReportReporter -->
<testsuite hostname="Brijesh" failures="0" tests="1" name="test.EmailTest" time="13.047" errors="0" timestamp="2022-05-14T22:24:27 EDT" skipped="0">
  <testcase classname="test.EmailTest" name="sendingEmails" time="13.047"/>
  <system-out/>
</testsuite> <!-- test.EmailTest -->
